Analysis & Elaboration report for BCDtoSSegx4
Tue Oct 06 20:52:26 2020
Quartus Prime Version 20.1.0 Build 711 06/05/2020 SJ Lite Edition


---------------------
; Table of Contents ;
---------------------
  1. Legal Notice
  2. Analysis & Elaboration Summary
  3. Parallel Compilation
  4. Analysis & Elaboration Settings
  5. Port Connectivity Checks: "BCDtoSSegx4:uut"
  6. Analysis & Elaboration Messages



----------------
; Legal Notice ;
----------------
Copyright (C) 2020  Intel Corporation. All rights reserved.
Your use of Intel Corporation's design tools, logic functions 
and other software and tools, and any partner logic 
functions, and any output files from any of the foregoing 
(including device programming or simulation files), and any 
associated documentation or information are expressly subject 
to the terms and conditions of the Intel Program License 
Subscription Agreement, the Intel Quartus Prime License Agreement,
the Intel FPGA IP License Agreement, or other applicable license
agreement, including, without limitation, that your use is for
the sole purpose of programming logic devices manufactured by
Intel and sold by Intel or its authorized distributors.  Please
refer to the applicable agreement for further details, at
https://fpgasoftware.intel.com/eula.



+----------------------------------------------------------------------------------+
; Analysis & Elaboration Summary                                                   ;
+------------------------------------+---------------------------------------------+
; Analysis & Elaboration Status      ; Successful - Tue Oct 06 20:52:26 2020       ;
; Quartus Prime Version              ; 20.1.0 Build 711 06/05/2020 SJ Lite Edition ;
; Revision Name                      ; BCDtoSSegx4                                 ;
; Top-level Entity Name              ; BCDtoSSegx4_TB                              ;
; Family                             ; Cyclone IV GX                               ;
; Total logic elements               ; N/A until Partition Merge                   ;
;     Total combinational functions  ; N/A until Partition Merge                   ;
;     Dedicated logic registers      ; N/A until Partition Merge                   ;
; Total registers                    ; N/A until Partition Merge                   ;
; Total pins                         ; N/A until Partition Merge                   ;
; Total virtual pins                 ; N/A until Partition Merge                   ;
; Total memory bits                  ; N/A until Partition Merge                   ;
; Embedded Multiplier 9-bit elements ; N/A until Partition Merge                   ;
; Total GXB Receiver Channel PCS     ; N/A until Partition Merge                   ;
; Total GXB Receiver Channel PMA     ; N/A until Partition Merge                   ;
; Total GXB Transmitter Channel PCS  ; N/A until Partition Merge                   ;
; Total GXB Transmitter Channel PMA  ; N/A until Partition Merge                   ;
; Total PLLs                         ; N/A until Partition Merge                   ;
+------------------------------------+---------------------------------------------+


+------------------------------------------+
; Parallel Compilation                     ;
+----------------------------+-------------+
; Processors                 ; Number      ;
+----------------------------+-------------+
; Number detected on machine ; 4           ;
; Maximum allowed            ; 2           ;
;                            ;             ;
; Average used               ; 1.00        ;
; Maximum used               ; 1           ;
;                            ;             ;
; Usage by Processor         ; % Time Used ;
;     Processor 1            ; 100.0%      ;
+----------------------------+-------------+


+------------------------------------------------------------------------------------------------------------+
; Analysis & Elaboration Settings                                                                            ;
+------------------------------------------------------------------+--------------------+--------------------+
; Option                                                           ; Setting            ; Default Value      ;
+------------------------------------------------------------------+--------------------+--------------------+
; Top-level entity name                                            ; BCDtoSSegx4_TB     ; BCDtoSSegx4        ;
; Family name                                                      ; Cyclone IV GX      ; Cyclone V          ;
; Use smart compilation                                            ; Off                ; Off                ;
; Enable parallel Assembler and Timing Analyzer during compilation ; On                 ; On                 ;
; Enable compact report table                                      ; Off                ; Off                ;
; Restructure Multiplexers                                         ; Auto               ; Auto               ;
; Create Debugging Nodes for IP Cores                              ; Off                ; Off                ;
; Preserve fewer node names                                        ; On                 ; On                 ;
; Intel FPGA IP Evaluation Mode                                    ; Enable             ; Enable             ;
; Verilog Version                                                  ; Verilog_2001       ; Verilog_2001       ;
; VHDL Version                                                     ; VHDL_1993          ; VHDL_1993          ;
; State Machine Processing                                         ; Auto               ; Auto               ;
; Safe State Machine                                               ; Off                ; Off                ;
; Extract Verilog State Machines                                   ; On                 ; On                 ;
; Extract VHDL State Machines                                      ; On                 ; On                 ;
; Ignore Verilog initial constructs                                ; Off                ; Off                ;
; Iteration limit for constant Verilog loops                       ; 5000               ; 5000               ;
; Iteration limit for non-constant Verilog loops                   ; 250                ; 250                ;
; Add Pass-Through Logic to Inferred RAMs                          ; On                 ; On                 ;
; Infer RAMs from Raw Logic                                        ; On                 ; On                 ;
; Parallel Synthesis                                               ; On                 ; On                 ;
; DSP Block Balancing                                              ; Auto               ; Auto               ;
; NOT Gate Push-Back                                               ; On                 ; On                 ;
; Power-Up Don't Care                                              ; On                 ; On                 ;
; Remove Redundant Logic Cells                                     ; Off                ; Off                ;
; Remove Duplicate Registers                                       ; On                 ; On                 ;
; Ignore CARRY Buffers                                             ; Off                ; Off                ;
; Ignore CASCADE Buffers                                           ; Off                ; Off                ;
; Ignore GLOBAL Buffers                                            ; Off                ; Off                ;
; Ignore ROW GLOBAL Buffers                                        ; Off                ; Off                ;
; Ignore LCELL Buffers                                             ; Off                ; Off                ;
; Ignore SOFT Buffers                                              ; On                 ; On                 ;
; Limit AHDL Integers to 32 Bits                                   ; Off                ; Off                ;
; Optimization Technique                                           ; Balanced           ; Balanced           ;
; Carry Chain Length                                               ; 70                 ; 70                 ;
; Auto Carry Chains                                                ; On                 ; On                 ;
; Auto Open-Drain Pins                                             ; On                 ; On                 ;
; Perform WYSIWYG Primitive Resynthesis                            ; Off                ; Off                ;
; Auto ROM Replacement                                             ; On                 ; On                 ;
; Auto RAM Replacement                                             ; On                 ; On                 ;
; Auto DSP Block Replacement                                       ; On                 ; On                 ;
; Auto Shift Register Replacement                                  ; Auto               ; Auto               ;
; Allow Shift Register Merging across Hierarchies                  ; Auto               ; Auto               ;
; Auto Clock Enable Replacement                                    ; On                 ; On                 ;
; Strict RAM Replacement                                           ; Off                ; Off                ;
; Allow Synchronous Control Signals                                ; On                 ; On                 ;
; Force Use of Synchronous Clear Signals                           ; Off                ; Off                ;
; Auto RAM Block Balancing                                         ; On                 ; On                 ;
; Auto RAM to Logic Cell Conversion                                ; Off                ; Off                ;
; Auto Resource Sharing                                            ; Off                ; Off                ;
; Allow Any RAM Size For Recognition                               ; Off                ; Off                ;
; Allow Any ROM Size For Recognition                               ; Off                ; Off                ;
; Allow Any Shift Register Size For Recognition                    ; Off                ; Off                ;
; Use LogicLock Constraints during Resource Balancing              ; On                 ; On                 ;
; Ignore translate_off and synthesis_off directives                ; Off                ; Off                ;
; Timing-Driven Synthesis                                          ; On                 ; On                 ;
; Report Parameter Settings                                        ; On                 ; On                 ;
; Report Source Assignments                                        ; On                 ; On                 ;
; Report Connectivity Checks                                       ; On                 ; On                 ;
; Ignore Maximum Fan-Out Assignments                               ; Off                ; Off                ;
; Synchronization Register Chain Length                            ; 2                  ; 2                  ;
; Power Optimization During Synthesis                              ; Normal compilation ; Normal compilation ;
; HDL message level                                                ; Level2             ; Level2             ;
; Suppress Register Optimization Related Messages                  ; Off                ; Off                ;
; Number of Removed Registers Reported in Synthesis Report         ; 5000               ; 5000               ;
; Number of Swept Nodes Reported in Synthesis Report               ; 5000               ; 5000               ;
; Number of Inverted Registers Reported in Synthesis Report        ; 100                ; 100                ;
; Clock MUX Protection                                             ; On                 ; On                 ;
; Auto Gated Clock Conversion                                      ; Off                ; Off                ;
; Block Design Naming                                              ; Auto               ; Auto               ;
; SDC constraint protection                                        ; Off                ; Off                ;
; Synthesis Effort                                                 ; Auto               ; Auto               ;
; Shift Register Replacement - Allow Asynchronous Clear Signal     ; On                 ; On                 ;
; Pre-Mapping Resynthesis Optimization                             ; Off                ; Off                ;
; Analysis & Synthesis Message Level                               ; Medium             ; Medium             ;
; Disable Register Merging Across Hierarchies                      ; Auto               ; Auto               ;
; Resource Aware Inference For Block RAM                           ; On                 ; On                 ;
+------------------------------------------------------------------+--------------------+--------------------+


+----------------------------------------------------------------------------------------------------------------------------------------------------------------------------------------------------------------+
; Port Connectivity Checks: "BCDtoSSegx4:uut"                                                                                                                                                                    ;
+-------+--------+----------+------------------------------------------------------------------------------------------------------------------------------------------------------------------------------------+
; Port  ; Type   ; Severity ; Details                                                                                                                                                                            ;
+-------+--------+----------+------------------------------------------------------------------------------------------------------------------------------------------------------------------------------------+
; innum ; Input  ; Warning  ; Input port expression (16 bits) is wider than the input port (14 bits) it drives.  The 2 most-significant bit(s) in the expression will be dangling if they have no other fanouts. ;
; sseg  ; Output ; Info     ; Connected to dangling logic. Logic that only feeds a dangling port will be removed.                                                                                                ;
; an    ; Output ; Info     ; Connected to dangling logic. Logic that only feeds a dangling port will be removed.                                                                                                ;
; led   ; Output ; Warning  ; Declared by entity but not connected by instance. Logic that only feeds a dangling port will be removed.                                                                           ;
+-------+--------+----------+------------------------------------------------------------------------------------------------------------------------------------------------------------------------------------+


+---------------------------------+
; Analysis & Elaboration Messages ;
+---------------------------------+
Info: *******************************************************************
Info: Running Quartus Prime Analysis & Elaboration
    Info: Version 20.1.0 Build 711 06/05/2020 SJ Lite Edition
    Info: Processing started: Tue Oct 06 20:52:05 2020
Info: Command: quartus_map --read_settings_files=on --write_settings_files=off BCDtoSSegx4 -c BCDtoSSegx4 --analysis_and_elaboration
Warning (18236): Number of processors has not been specified which may cause overloading on shared machines.  Set the global assignment NUM_PARALLEL_PROCESSORS in your QSF to an appropriate value for best performance.
Info (20030): Parallel compilation is enabled and will use 2 of the 2 processors detected
Info (12021): Found 1 design units, including 1 entities, in source file bcdtossegx4_tb.v
    Info (12023): Found entity 1: BCDtoSSegx4_TB File: G:/Github/lab02-sumulation-grupo05/lab02/BCDtoSSegx4_TB.v Line: 2
Info (12021): Found 1 design units, including 1 entities, in source file bcdtossegx4.v
    Info (12023): Found entity 1: BCDtoSSegx4 File: G:/Github/lab02-sumulation-grupo05/lab02/BCDtoSSegx4.v Line: 2
Info (12021): Found 1 design units, including 1 entities, in source file /github/lab02-sumulation-grupo05/hdl/src/solucion_display_7segx4/bcdtosseg.v
    Info (12023): Found entity 1: BCDtoSSeg File: G:/Github/lab02-sumulation-grupo05/hdl/src/Solucion_display_7segx4/BCDtoSSeg.v Line: 1
Info (12021): Found 1 design units, including 1 entities, in source file binary2bcd.v
    Info (12023): Found entity 1: Binary2BCD File: G:/Github/lab02-sumulation-grupo05/lab02/Binary2BCD.v Line: 1
Info (12127): Elaborating entity "BCDtoSSegx4_TB" for the top level hierarchy
Warning (10755): Verilog HDL warning at BCDtoSSegx4_TB.v(33): assignments to clk2 create a combinational loop File: G:/Github/lab02-sumulation-grupo05/lab02/BCDtoSSegx4_TB.v Line: 33
Info (12128): Elaborating entity "BCDtoSSegx4" for hierarchy "BCDtoSSegx4:uut" File: G:/Github/lab02-sumulation-grupo05/lab02/BCDtoSSegx4_TB.v Line: 20
Warning (10230): Verilog HDL assignment warning at BCDtoSSegx4.v(31): truncated value with size 32 to match size of target (27) File: G:/Github/lab02-sumulation-grupo05/lab02/BCDtoSSegx4.v Line: 31
Warning (10230): Verilog HDL assignment warning at BCDtoSSegx4.v(41): truncated value with size 32 to match size of target (2) File: G:/Github/lab02-sumulation-grupo05/lab02/BCDtoSSegx4.v Line: 41
Info (12128): Elaborating entity "BCDtoSSeg" for hierarchy "BCDtoSSegx4:uut|BCDtoSSeg:bcdtosseg" File: G:/Github/lab02-sumulation-grupo05/lab02/BCDtoSSegx4.v Line: 19
Info (12128): Elaborating entity "Binary2BCD" for hierarchy "BCDtoSSegx4:uut|Binary2BCD:binary2BCD" File: G:/Github/lab02-sumulation-grupo05/lab02/BCDtoSSegx4.v Line: 20
Warning (10230): Verilog HDL assignment warning at Binary2BCD.v(16): truncated value with size 32 to match size of target (4) File: G:/Github/lab02-sumulation-grupo05/lab02/Binary2BCD.v Line: 16
Warning (10230): Verilog HDL assignment warning at Binary2BCD.v(18): truncated value with size 32 to match size of target (4) File: G:/Github/lab02-sumulation-grupo05/lab02/Binary2BCD.v Line: 18
Warning (10230): Verilog HDL assignment warning at Binary2BCD.v(20): truncated value with size 32 to match size of target (4) File: G:/Github/lab02-sumulation-grupo05/lab02/Binary2BCD.v Line: 20
Warning (10230): Verilog HDL assignment warning at Binary2BCD.v(22): truncated value with size 32 to match size of target (4) File: G:/Github/lab02-sumulation-grupo05/lab02/Binary2BCD.v Line: 22
Info (10041): Inferred latch for "shifter[26]" at Binary2BCD.v(21) File: G:/Github/lab02-sumulation-grupo05/lab02/Binary2BCD.v Line: 21
Info (10041): Inferred latch for "shifter[27]" at Binary2BCD.v(21) File: G:/Github/lab02-sumulation-grupo05/lab02/Binary2BCD.v Line: 21
Info (10041): Inferred latch for "shifter[28]" at Binary2BCD.v(21) File: G:/Github/lab02-sumulation-grupo05/lab02/Binary2BCD.v Line: 21
Info (10041): Inferred latch for "shifter[22]" at Binary2BCD.v(19) File: G:/Github/lab02-sumulation-grupo05/lab02/Binary2BCD.v Line: 19
Info (10041): Inferred latch for "shifter[23]" at Binary2BCD.v(19) File: G:/Github/lab02-sumulation-grupo05/lab02/Binary2BCD.v Line: 19
Info (10041): Inferred latch for "shifter[24]" at Binary2BCD.v(19) File: G:/Github/lab02-sumulation-grupo05/lab02/Binary2BCD.v Line: 19
Info (10041): Inferred latch for "shifter[25]" at Binary2BCD.v(19) File: G:/Github/lab02-sumulation-grupo05/lab02/Binary2BCD.v Line: 19
Info (10041): Inferred latch for "shifter[18]" at Binary2BCD.v(17) File: G:/Github/lab02-sumulation-grupo05/lab02/Binary2BCD.v Line: 17
Info (10041): Inferred latch for "shifter[19]" at Binary2BCD.v(17) File: G:/Github/lab02-sumulation-grupo05/lab02/Binary2BCD.v Line: 17
Info (10041): Inferred latch for "shifter[20]" at Binary2BCD.v(17) File: G:/Github/lab02-sumulation-grupo05/lab02/Binary2BCD.v Line: 17
Info (10041): Inferred latch for "shifter[21]" at Binary2BCD.v(17) File: G:/Github/lab02-sumulation-grupo05/lab02/Binary2BCD.v Line: 17
Info (10041): Inferred latch for "shifter[14]" at Binary2BCD.v(15) File: G:/Github/lab02-sumulation-grupo05/lab02/Binary2BCD.v Line: 15
Info (10041): Inferred latch for "shifter[15]" at Binary2BCD.v(15) File: G:/Github/lab02-sumulation-grupo05/lab02/Binary2BCD.v Line: 15
Info (10041): Inferred latch for "shifter[16]" at Binary2BCD.v(15) File: G:/Github/lab02-sumulation-grupo05/lab02/Binary2BCD.v Line: 15
Info (10041): Inferred latch for "shifter[17]" at Binary2BCD.v(15) File: G:/Github/lab02-sumulation-grupo05/lab02/Binary2BCD.v Line: 15
Warning (12011): Net is missing source, defaulting to GND
    Warning (12110): Net "clk2" is missing source, defaulting to GND File: G:/Github/lab02-sumulation-grupo05/lab02/BCDtoSSegx4_TB.v Line: 6
Warning (12241): 1 hierarchies have connectivity warnings - see the Connectivity Checks report folder
Info: Quartus Prime Analysis & Elaboration was successful. 0 errors, 11 warnings
    Info: Peak virtual memory: 4783 megabytes
    Info: Processing ended: Tue Oct 06 20:52:26 2020
    Info: Elapsed time: 00:00:21
    Info: Total CPU time (on all processors): 00:00:47


